2013-05-16 13:09:20,773 - [INFO] - from play in main 
Listening for HTTP on /0:0:0:0:0:0:0:0:9000

2013-05-16 13:09:26,569 - [INFO] - from play in New I/O  worker #1 
database [default] connected at jdbc:h2:mem:play

2013-05-16 13:09:26,670 - [ERROR] - from application in New I/O  worker #1 


! @6eah826m5 - Internal server error, for (GET) [/items] ->

play.api.db.evolutions.InvalidDatabaseRevision: Database 'default' needs evolution![An SQL script need to be run on your database.]
	at play.api.db.evolutions.EvolutionsPlugin$$anonfun$onStart$1$$anonfun$apply$1.apply$mcV$sp(Evolutions.scala:457) ~[play-jdbc_2.10.jar:2.1.0]
	at play.api.db.evolutions.EvolutionsPlugin.withLock(Evolutions.scala:478) ~[play-jdbc_2.10.jar:2.1.0]
	at play.api.db.evolutions.EvolutionsPlugin$$anonfun$onStart$1.apply(Evolutions.scala:434) ~[play-jdbc_2.10.jar:2.1.0]
	at play.api.db.evolutions.EvolutionsPlugin$$anonfun$onStart$1.apply(Evolutions.scala:432) ~[play-jdbc_2.10.jar:2.1.0]
	at scala.collection.immutable.List.foreach(List.scala:309) ~[scala-library.jar:na]
	at play.api.db.evolutions.EvolutionsPlugin.onStart(Evolutions.scala:432) ~[play-jdbc_2.10.jar:2.1.0]
	at play.api.Play$$anonfun$start$1$$anonfun$apply$mcV$sp$1.apply(Play.scala:63) ~[play_2.10.jar:2.1.0]
	at play.api.Play$$anonfun$start$1$$anonfun$apply$mcV$sp$1.apply(Play.scala:63) ~[play_2.10.jar:2.1.0]
	at scala.collection.immutable.List.foreach(List.scala:309) ~[scala-library.jar:na]
	at play.api.Play$$anonfun$start$1.apply$mcV$sp(Play.scala:63) ~[play_2.10.jar:2.1.0]
	at play.api.Play$$anonfun$start$1.apply(Play.scala:63) ~[play_2.10.jar:2.1.0]
	at play.api.Play$$anonfun$start$1.apply(Play.scala:63) ~[play_2.10.jar:2.1.0]
	at play.utils.Threads$.withContextClassLoader(Threads.scala:18) ~[play_2.10.jar:2.1.0]
	at play.api.Play$.start(Play.scala:62) ~[play_2.10.jar:2.1.0]
	at play.core.ReloadableApplication$$anonfun$get$1$$anonfun$1.apply(ApplicationProvider.scala:133) ~[play_2.10.jar:2.1.0]
	at play.core.ReloadableApplication$$anonfun$get$1$$anonfun$1.apply(ApplicationProvider.scala:106) ~[play_2.10.jar:2.1.0]
	at scala.Option.map(Option.scala:145) ~[scala-library.jar:na]
	at play.core.ReloadableApplication$$anonfun$get$1.apply(ApplicationProvider.scala:106) ~[play_2.10.jar:2.1.0]
	at play.core.ReloadableApplication$$anonfun$get$1.apply(ApplicationProvider.scala:104) ~[play_2.10.jar:2.1.0]
	at scala.util.Either$RightProjection.flatMap(Either.scala:523) [scala-library.jar:na]
	at play.core.ReloadableApplication.get(ApplicationProvider.scala:104) ~[play_2.10.jar:2.1.0]
	at play.core.server.Server$class.sendHandler$1(Server.scala:56) [play_2.10.jar:2.1.0]
	at play.core.server.Server$$anonfun$getHandlerFor$4.apply(Server.scala:88) [play_2.10.jar:2.1.0]
	at play.core.server.Server$$anonfun$getHandlerFor$4.apply(Server.scala:87) [play_2.10.jar:2.1.0]
	at scala.util.Either$RightProjection.flatMap(Either.scala:523) [scala-library.jar:na]
	at play.core.server.Server$class.getHandlerFor(Server.scala:87) [play_2.10.jar:2.1.0]
	at play.core.server.NettyServer.getHandlerFor(NettyServer.scala:34) [play_2.10.jar:2.1.0]
	at play.core.server.netty.PlayDefaultUpstreamHandler.messageReceived(PlayDefaultUpstreamHandler.scala:103) [play_2.10.jar:2.1.0]
	at org.jboss.netty.channel.SimpleChannelUpstreamHandler.handleUpstream(SimpleChannelUpstreamHandler.java:75) [netty.jar:na]
	at org.jboss.netty.channel.DefaultChannelPipeline.sendUpstream(DefaultChannelPipeline.java:565) [netty.jar:na]
	at org.jboss.netty.channel.DefaultChannelPipeline$DefaultChannelHandlerContext.sendUpstream(DefaultChannelPipeline.java:793) [netty.jar:na]
	at org.jboss.netty.handler.codec.http.HttpContentDecoder.messageReceived(HttpContentDecoder.java:104) [netty.jar:na]
	at org.jboss.netty.channel.SimpleChannelUpstreamHandler.handleUpstream(SimpleChannelUpstreamHandler.java:75) [netty.jar:na]
	at org.jboss.netty.channel.DefaultChannelPipeline.sendUpstream(DefaultChannelPipeline.java:565) [netty.jar:na]
	at org.jboss.netty.channel.DefaultChannelPipeline$DefaultChannelHandlerContext.sendUpstream(DefaultChannelPipeline.java:793) [netty.jar:na]
	at org.jboss.netty.channel.Channels.fireMessageReceived(Channels.java:296) [netty.jar:na]
	at org.jboss.netty.handler.codec.frame.FrameDecoder.unfoldAndFireMessageReceived(FrameDecoder.java:455) [netty.jar:na]
	at org.jboss.netty.handler.codec.replay.ReplayingDecoder.callDecode(ReplayingDecoder.java:538) [netty.jar:na]
	at org.jboss.netty.handler.codec.replay.ReplayingDecoder.messageReceived(ReplayingDecoder.java:437) [netty.jar:na]
	at org.jboss.netty.channel.SimpleChannelUpstreamHandler.handleUpstream(SimpleChannelUpstreamHandler.java:75) [netty.jar:na]
	at org.jboss.netty.channel.DefaultChannelPipeline.sendUpstream(DefaultChannelPipeline.java:565) [netty.jar:na]
	at org.jboss.netty.channel.DefaultChannelPipeline.sendUpstream(DefaultChannelPipeline.java:560) [netty.jar:na]
	at org.jboss.netty.channel.Channels.fireMessageReceived(Channels.java:268) [netty.jar:na]
	at org.jboss.netty.channel.Channels.fireMessageReceived(Channels.java:255) [netty.jar:na]
	at org.jboss.netty.channel.socket.nio.NioWorker.read(NioWorker.java:84) [netty.jar:na]
	at org.jboss.netty.channel.socket.nio.AbstractNioWorker.processSelectedKeys(AbstractNioWorker.java:472) [netty.jar:na]
	at org.jboss.netty.channel.socket.nio.AbstractNioWorker.run(AbstractNioWorker.java:333) [netty.jar:na]
	at org.jboss.netty.channel.socket.nio.NioWorker.run(NioWorker.java:35) [netty.jar:na]
	at org.jboss.netty.util.ThreadRenamingRunnable.run(ThreadRenamingRunnable.java:102) [netty.jar:na]
	at org.jboss.netty.util.internal.DeadLockProofWorker$1.run(DeadLockProofWorker.java:42) [netty.jar:na]
	at java.util.concurrent.ThreadPoolExecutor.runWorker(Unknown Source) [na:1.7.0_07]
	at java.util.concurrent.ThreadPoolExecutor$Worker.run(Unknown Source) [na:1.7.0_07]
	at java.lang.Thread.run(Unknown Source) [na:1.7.0_07]

2013-05-16 13:09:29,164 - [ERROR] - from play in New I/O  worker #1 
Column count does not match; SQL statement:
INSERT INTO user(firstName, lastName, userName, email, password, street, houseNumber, postcode, countryCode, balance)
VALUES ('Ole', 'Hornischer', 'ole', 'ole@hornischer.net', 'Hasselbrookstr.', '90', '22089', 'DE', 100 ) [21002-168] [ERROR:21002, SQLSTATE:21S02]

2013-05-16 13:09:29,165 - [ERROR] - from application in New I/O  worker #1 


! @6eah82aea - Internal server error, for (GET) [/@evolutions/apply/default?redirect=http%3A%2F%2Flocalhost%3A9000%2Fitems] ->

play.api.db.evolutions.InconsistentDatabase: Database 'default' is in inconsistent state![An evolution has not been applied properly. Please check the problem and resolve it manually before marking it as resolved.]
	at play.api.db.evolutions.Evolutions$.checkEvolutionsState(Evolutions.scala:177) ~[play-jdbc_2.10.jar:2.1.0]
	at play.api.db.evolutions.Evolutions$.applyScript(Evolutions.scala:275) ~[play-jdbc_2.10.jar:2.1.0]
	at play.api.db.evolutions.EvolutionsPlugin.handleWebCommand(Evolutions.scala:530) ~[play-jdbc_2.10.jar:2.1.0]
	at play.core.ReloadableApplication$$anonfun$handleWebCommand$12$$anonfun$apply$10.apply(ApplicationProvider.scala:273) ~[play_2.10.jar:2.1.0]
	at play.core.ReloadableApplication$$anonfun$handleWebCommand$12$$anonfun$apply$10.apply(ApplicationProvider.scala:272) ~[play_2.10.jar:2.1.0]
	at scala.collection.LinearSeqOptimized$class.foldLeft(LinearSeqOptimized.scala:110) ~[scala-library.jar:na]
	at scala.collection.immutable.List.foldLeft(List.scala:78) ~[scala-library.jar:na]
	at play.core.ReloadableApplication$$anonfun$handleWebCommand$12.apply(ApplicationProvider.scala:272) ~[play_2.10.jar:2.1.0]
	at play.core.ReloadableApplication$$anonfun$handleWebCommand$12.apply(ApplicationProvider.scala:271) ~[play_2.10.jar:2.1.0]
	at scala.Option.flatMap(Option.scala:170) ~[scala-library.jar:na]
	at play.core.ReloadableApplication.handleWebCommand(ApplicationProvider.scala:271) ~[play_2.10.jar:2.1.0]
	at play.core.server.Server$$anonfun$getHandlerFor$1.apply(Server.scala:85) ~[play_2.10.jar:2.1.0]
	at play.core.server.Server$$anonfun$getHandlerFor$1.apply(Server.scala:85) ~[play_2.10.jar:2.1.0]
	at scala.util.control.Exception$Catch$$anonfun$either$1.apply(Exception.scala:124) ~[scala-library.jar:na]
	at scala.util.control.Exception$Catch$$anonfun$either$1.apply(Exception.scala:124) ~[scala-library.jar:na]
	at scala.util.control.Exception$Catch.apply(Exception.scala:102) ~[scala-library.jar:na]
	at scala.util.control.Exception$Catch.either(Exception.scala:124) ~[scala-library.jar:na]
	at play.core.server.Server$class.getHandlerFor(Server.scala:85) ~[play_2.10.jar:2.1.0]
	at play.core.server.NettyServer.getHandlerFor(NettyServer.scala:34) [play_2.10.jar:2.1.0]
	at play.core.server.netty.PlayDefaultUpstreamHandler.messageReceived(PlayDefaultUpstreamHandler.scala:103) [play_2.10.jar:2.1.0]
	at org.jboss.netty.channel.SimpleChannelUpstreamHandler.handleUpstream(SimpleChannelUpstreamHandler.java:75) [netty.jar:na]
	at org.jboss.netty.channel.DefaultChannelPipeline.sendUpstream(DefaultChannelPipeline.java:565) [netty.jar:na]
	at org.jboss.netty.channel.DefaultChannelPipeline$DefaultChannelHandlerContext.sendUpstream(DefaultChannelPipeline.java:793) [netty.jar:na]
	at org.jboss.netty.handler.codec.http.HttpContentDecoder.messageReceived(HttpContentDecoder.java:104) [netty.jar:na]
	at org.jboss.netty.channel.SimpleChannelUpstreamHandler.handleUpstream(SimpleChannelUpstreamHandler.java:75) [netty.jar:na]
	at org.jboss.netty.channel.DefaultChannelPipeline.sendUpstream(DefaultChannelPipeline.java:565) [netty.jar:na]
	at org.jboss.netty.channel.DefaultChannelPipeline$DefaultChannelHandlerContext.sendUpstream(DefaultChannelPipeline.java:793) [netty.jar:na]
	at org.jboss.netty.channel.Channels.fireMessageReceived(Channels.java:296) [netty.jar:na]
	at org.jboss.netty.handler.codec.frame.FrameDecoder.unfoldAndFireMessageReceived(FrameDecoder.java:455) [netty.jar:na]
	at org.jboss.netty.handler.codec.replay.ReplayingDecoder.callDecode(ReplayingDecoder.java:538) [netty.jar:na]
	at org.jboss.netty.handler.codec.replay.ReplayingDecoder.messageReceived(ReplayingDecoder.java:487) [netty.jar:na]
	at org.jboss.netty.channel.SimpleChannelUpstreamHandler.handleUpstream(SimpleChannelUpstreamHandler.java:75) [netty.jar:na]
	at org.jboss.netty.channel.DefaultChannelPipeline.sendUpstream(DefaultChannelPipeline.java:565) [netty.jar:na]
	at org.jboss.netty.channel.DefaultChannelPipeline.sendUpstream(DefaultChannelPipeline.java:560) [netty.jar:na]
	at org.jboss.netty.channel.Channels.fireMessageReceived(Channels.java:268) [netty.jar:na]
	at org.jboss.netty.channel.Channels.fireMessageReceived(Channels.java:255) [netty.jar:na]
	at org.jboss.netty.channel.socket.nio.NioWorker.read(NioWorker.java:84) [netty.jar:na]
	at org.jboss.netty.channel.socket.nio.AbstractNioWorker.processSelectedKeys(AbstractNioWorker.java:472) [netty.jar:na]
	at org.jboss.netty.channel.socket.nio.AbstractNioWorker.run(AbstractNioWorker.java:333) [netty.jar:na]
	at org.jboss.netty.channel.socket.nio.NioWorker.run(NioWorker.java:35) [netty.jar:na]
	at org.jboss.netty.util.ThreadRenamingRunnable.run(ThreadRenamingRunnable.java:102) [netty.jar:na]
	at org.jboss.netty.util.internal.DeadLockProofWorker$1.run(DeadLockProofWorker.java:42) [netty.jar:na]
	at java.util.concurrent.ThreadPoolExecutor.runWorker(Unknown Source) [na:1.7.0_07]
	at java.util.concurrent.ThreadPoolExecutor$Worker.run(Unknown Source) [na:1.7.0_07]
	at java.lang.Thread.run(Unknown Source) [na:1.7.0_07]

2013-05-16 13:09:33,239 - [INFO] - from application in New I/O  worker #1 
[securesocial] unloaded identity provider: userpass

2013-05-16 13:09:33,241 - [INFO] - from application in New I/O  worker #1 
[securesocial] unloaded identity provider: google

2013-05-16 13:09:33,241 - [INFO] - from application in New I/O  worker #1 
[securesocial] unloaded password hasher bcrypt

2013-05-16 13:09:33,445 - [INFO] - from play in New I/O  worker #1 
database [default] connected at jdbc:h2:mem:play

2013-05-16 13:09:33,458 - [INFO] - from application in New I/O  worker #1 
[securesocial] loaded templates plugin: securesocial.controllers.DefaultTemplatesPlugin

2013-05-16 13:09:33,482 - [INFO] - from play in New I/O  worker #1 
Starting application default Akka system.

2013-05-16 13:09:33,495 - [INFO] - from application in New I/O  worker #1 
[securesocial] loaded user service: class security.InMemoryUserService

2013-05-16 13:09:33,896 - [INFO] - from application in New I/O  worker #1 
[securesocial] loaded password hasher bcrypt

2013-05-16 13:09:33,897 - [DEBUG] - from application in play-akka.actor.default-dispatcher-3 
[securesocial] calling deleteExpiredTokens()

2013-05-16 13:09:33,900 - [INFO] - from application in New I/O  worker #1 
[securesocial] loaded identity provider: google

2013-05-16 13:09:33,900 - [INFO] - from application in New I/O  worker #1 
[securesocial] loaded identity provider: userpass

2013-05-16 13:09:33,904 - [INFO] - from play in New I/O  worker #1 
Application started (Dev)

2013-05-16 13:09:57,401 - [INFO] - from application in New I/O  worker #1 
[securesocial] unloaded identity provider: userpass

2013-05-16 13:09:57,402 - [INFO] - from application in New I/O  worker #1 
[securesocial] unloaded identity provider: google

2013-05-16 13:09:57,402 - [INFO] - from application in New I/O  worker #1 
[securesocial] unloaded password hasher bcrypt

2013-05-16 13:09:57,402 - [INFO] - from play in New I/O  worker #1 
Shutdown application default Akka system.

2013-05-16 13:09:57,552 - [INFO] - from play in New I/O  worker #1 
database [default] connected at jdbc:h2:mem:play

2013-05-16 13:09:57,556 - [ERROR] - from application in New I/O  worker #1 


! @6eah840e8 - Internal server error, for (GET) [/items] ->

play.api.db.evolutions.InvalidDatabaseRevision: Database 'default' needs evolution![An SQL script need to be run on your database.]
	at play.api.db.evolutions.EvolutionsPlugin$$anonfun$onStart$1$$anonfun$apply$1.apply$mcV$sp(Evolutions.scala:457) ~[play-jdbc_2.10.jar:2.1.0]
	at play.api.db.evolutions.EvolutionsPlugin.withLock(Evolutions.scala:478) ~[play-jdbc_2.10.jar:2.1.0]
	at play.api.db.evolutions.EvolutionsPlugin$$anonfun$onStart$1.apply(Evolutions.scala:434) ~[play-jdbc_2.10.jar:2.1.0]
	at play.api.db.evolutions.EvolutionsPlugin$$anonfun$onStart$1.apply(Evolutions.scala:432) ~[play-jdbc_2.10.jar:2.1.0]
	at scala.collection.immutable.List.foreach(List.scala:309) ~[scala-library.jar:na]
	at play.api.db.evolutions.EvolutionsPlugin.onStart(Evolutions.scala:432) ~[play-jdbc_2.10.jar:2.1.0]
	at play.api.Play$$anonfun$start$1$$anonfun$apply$mcV$sp$1.apply(Play.scala:63) ~[play_2.10.jar:2.1.0]
	at play.api.Play$$anonfun$start$1$$anonfun$apply$mcV$sp$1.apply(Play.scala:63) ~[play_2.10.jar:2.1.0]
	at scala.collection.immutable.List.foreach(List.scala:309) ~[scala-library.jar:na]
	at play.api.Play$$anonfun$start$1.apply$mcV$sp(Play.scala:63) ~[play_2.10.jar:2.1.0]
	at play.api.Play$$anonfun$start$1.apply(Play.scala:63) ~[play_2.10.jar:2.1.0]
	at play.api.Play$$anonfun$start$1.apply(Play.scala:63) ~[play_2.10.jar:2.1.0]
	at play.utils.Threads$.withContextClassLoader(Threads.scala:18) ~[play_2.10.jar:2.1.0]
	at play.api.Play$.start(Play.scala:62) ~[play_2.10.jar:2.1.0]
	at play.core.ReloadableApplication$$anonfun$get$1$$anonfun$1.apply(ApplicationProvider.scala:133) ~[play_2.10.jar:2.1.0]
	at play.core.ReloadableApplication$$anonfun$get$1$$anonfun$1.apply(ApplicationProvider.scala:106) ~[play_2.10.jar:2.1.0]
	at scala.Option.map(Option.scala:145) ~[scala-library.jar:na]
	at play.core.ReloadableApplication$$anonfun$get$1.apply(ApplicationProvider.scala:106) ~[play_2.10.jar:2.1.0]
	at play.core.ReloadableApplication$$anonfun$get$1.apply(ApplicationProvider.scala:104) ~[play_2.10.jar:2.1.0]
	at scala.util.Either$RightProjection.flatMap(Either.scala:523) [scala-library.jar:na]
	at play.core.ReloadableApplication.get(ApplicationProvider.scala:104) ~[play_2.10.jar:2.1.0]
	at play.core.server.Server$class.sendHandler$1(Server.scala:56) [play_2.10.jar:2.1.0]
	at play.core.server.Server$$anonfun$getHandlerFor$4.apply(Server.scala:88) [play_2.10.jar:2.1.0]
	at play.core.server.Server$$anonfun$getHandlerFor$4.apply(Server.scala:87) [play_2.10.jar:2.1.0]
	at scala.util.Either$RightProjection.flatMap(Either.scala:523) [scala-library.jar:na]
	at play.core.server.Server$class.getHandlerFor(Server.scala:87) [play_2.10.jar:2.1.0]
	at play.core.server.NettyServer.getHandlerFor(NettyServer.scala:34) [play_2.10.jar:2.1.0]
	at play.core.server.netty.PlayDefaultUpstreamHandler.messageReceived(PlayDefaultUpstreamHandler.scala:103) [play_2.10.jar:2.1.0]
	at org.jboss.netty.channel.SimpleChannelUpstreamHandler.handleUpstream(SimpleChannelUpstreamHandler.java:75) [netty.jar:na]
	at org.jboss.netty.channel.DefaultChannelPipeline.sendUpstream(DefaultChannelPipeline.java:565) [netty.jar:na]
	at org.jboss.netty.channel.DefaultChannelPipeline$DefaultChannelHandlerContext.sendUpstream(DefaultChannelPipeline.java:793) [netty.jar:na]
	at org.jboss.netty.handler.codec.http.HttpContentDecoder.messageReceived(HttpContentDecoder.java:104) [netty.jar:na]
	at org.jboss.netty.channel.SimpleChannelUpstreamHandler.handleUpstream(SimpleChannelUpstreamHandler.java:75) [netty.jar:na]
	at org.jboss.netty.channel.DefaultChannelPipeline.sendUpstream(DefaultChannelPipeline.java:565) [netty.jar:na]
	at org.jboss.netty.channel.DefaultChannelPipeline$DefaultChannelHandlerContext.sendUpstream(DefaultChannelPipeline.java:793) [netty.jar:na]
	at org.jboss.netty.channel.Channels.fireMessageReceived(Channels.java:296) [netty.jar:na]
	at org.jboss.netty.handler.codec.frame.FrameDecoder.unfoldAndFireMessageReceived(FrameDecoder.java:455) [netty.jar:na]
	at org.jboss.netty.handler.codec.replay.ReplayingDecoder.callDecode(ReplayingDecoder.java:538) [netty.jar:na]
	at org.jboss.netty.handler.codec.replay.ReplayingDecoder.messageReceived(ReplayingDecoder.java:437) [netty.jar:na]
	at org.jboss.netty.channel.SimpleChannelUpstreamHandler.handleUpstream(SimpleChannelUpstreamHandler.java:75) [netty.jar:na]
	at org.jboss.netty.channel.DefaultChannelPipeline.sendUpstream(DefaultChannelPipeline.java:565) [netty.jar:na]
	at org.jboss.netty.channel.DefaultChannelPipeline.sendUpstream(DefaultChannelPipeline.java:560) [netty.jar:na]
	at org.jboss.netty.channel.Channels.fireMessageReceived(Channels.java:268) [netty.jar:na]
	at org.jboss.netty.channel.Channels.fireMessageReceived(Channels.java:255) [netty.jar:na]
	at org.jboss.netty.channel.socket.nio.NioWorker.read(NioWorker.java:84) [netty.jar:na]
	at org.jboss.netty.channel.socket.nio.AbstractNioWorker.processSelectedKeys(AbstractNioWorker.java:472) [netty.jar:na]
	at org.jboss.netty.channel.socket.nio.AbstractNioWorker.run(AbstractNioWorker.java:333) [netty.jar:na]
	at org.jboss.netty.channel.socket.nio.NioWorker.run(NioWorker.java:35) [netty.jar:na]
	at org.jboss.netty.util.ThreadRenamingRunnable.run(ThreadRenamingRunnable.java:102) [netty.jar:na]
	at org.jboss.netty.util.internal.DeadLockProofWorker$1.run(DeadLockProofWorker.java:42) [netty.jar:na]
	at java.util.concurrent.ThreadPoolExecutor.runWorker(Unknown Source) [na:1.7.0_07]
	at java.util.concurrent.ThreadPoolExecutor$Worker.run(Unknown Source) [na:1.7.0_07]
	at java.lang.Thread.run(Unknown Source) [na:1.7.0_07]

2013-05-16 13:09:59,282 - [INFO] - from application in New I/O  worker #1 
[securesocial] unloaded identity provider: userpass

2013-05-16 13:09:59,282 - [INFO] - from application in New I/O  worker #1 
[securesocial] unloaded identity provider: google

2013-05-16 13:09:59,282 - [INFO] - from application in New I/O  worker #1 
[securesocial] unloaded password hasher bcrypt

2013-05-16 13:09:59,331 - [INFO] - from play in New I/O  worker #1 
database [default] connected at jdbc:h2:mem:play

2013-05-16 13:09:59,336 - [INFO] - from application in New I/O  worker #1 
[securesocial] loaded templates plugin: securesocial.controllers.DefaultTemplatesPlugin

2013-05-16 13:09:59,340 - [INFO] - from play in New I/O  worker #1 
Starting application default Akka system.

2013-05-16 13:09:59,340 - [INFO] - from application in New I/O  worker #1 
[securesocial] loaded user service: class security.InMemoryUserService

2013-05-16 13:09:59,340 - [INFO] - from application in New I/O  worker #1 
[securesocial] loaded password hasher bcrypt

2013-05-16 13:09:59,341 - [INFO] - from application in New I/O  worker #1 
[securesocial] loaded identity provider: google

2013-05-16 13:09:59,341 - [INFO] - from application in New I/O  worker #1 
[securesocial] loaded identity provider: userpass

2013-05-16 13:09:59,341 - [INFO] - from play in New I/O  worker #1 
Application started (Dev)

2013-05-16 13:09:59,441 - [DEBUG] - from application in play-akka.actor.default-dispatcher-2 
[securesocial] calling deleteExpiredTokens()

2013-05-16 13:14:59,332 - [DEBUG] - from application in play-akka.actor.default-dispatcher-5 
[securesocial] calling deleteExpiredTokens()

2013-05-16 13:19:59,450 - [DEBUG] - from application in play-akka.actor.default-dispatcher-5 
[securesocial] calling deleteExpiredTokens()

2013-05-16 13:24:59,472 - [DEBUG] - from application in play-akka.actor.default-dispatcher-5 
[securesocial] calling deleteExpiredTokens()

2013-05-16 13:29:59,465 - [DEBUG] - from application in play-akka.actor.default-dispatcher-5 
[securesocial] calling deleteExpiredTokens()

2013-05-16 13:34:59,473 - [DEBUG] - from application in play-akka.actor.default-dispatcher-5 
[securesocial] calling deleteExpiredTokens()

2013-05-16 13:39:59,494 - [DEBUG] - from application in play-akka.actor.default-dispatcher-5 
[securesocial] calling deleteExpiredTokens()

2013-05-16 13:44:59,399 - [DEBUG] - from application in play-akka.actor.default-dispatcher-5 
[securesocial] calling deleteExpiredTokens()

2013-05-16 13:49:59,390 - [DEBUG] - from application in play-akka.actor.default-dispatcher-5 
[securesocial] calling deleteExpiredTokens()

2013-05-16 13:54:59,381 - [DEBUG] - from application in play-akka.actor.default-dispatcher-5 
[securesocial] calling deleteExpiredTokens()

2013-05-16 13:59:59,372 - [DEBUG] - from application in play-akka.actor.default-dispatcher-5 
[securesocial] calling deleteExpiredTokens()

2013-05-16 14:04:59,463 - [DEBUG] - from application in play-akka.actor.default-dispatcher-5 
[securesocial] calling deleteExpiredTokens()

